#
# There is insufficient memory for the Java Runtime Environment to continue.
# Native memory allocation (malloc) failed to allocate 453776 bytes for Chunk::new
# Possible reasons:
#   The system is out of physical RAM or swap space
#   The process is running with CompressedOops enabled, and the Java Heap may be blocking the growth of the native heap
# Possible solutions:
#   Reduce memory load on the system
#   Increase physical memory or swap space
#   Check if swap backing store is full
#   Decrease Java heap size (-Xmx/-Xms)
#   Decrease number of Java threads
#   Decrease Java thread stack sizes (-Xss)
#   Set larger code cache with -XX:ReservedCodeCacheSize=
#   JVM is running with Unscaled Compressed Oops mode in which the Java heap is
#     placed in the first 4GB address space. The Java Heap base address is the
#     maximum limit for the native heap growth. Please use -XX:HeapBaseMinAddress
#     to set the Java Heap base and to place the Java Heap above 4GB virtual address.
# This output file may be truncated or incomplete.
#
#  Out of Memory Error (arena.cpp:195), pid=5696, tid=16344
#
# JRE version: OpenJDK Runtime Environment (16.0.1+9) (build 16.0.1+9-24)
# Java VM: OpenJDK 64-Bit Server VM (16.0.1+9-24, mixed mode, sharing, tiered, compressed oops, compressed class ptrs, g1 gc, windows-amd64)
# No core dump will be written. Minidumps are not enabled by default on client versions of Windows
#

---------------  S U M M A R Y ------------

Command Line: -javaagent:C:\Program Files\JetBrains\IntelliJ IDEA Community Edition 2021.1\lib\idea_rt.jar=28814:C:\Program Files\JetBrains\IntelliJ IDEA Community Edition 2021.1\bin -Dfile.encoding=UTF-8 com.LesanuAlex.school.SchoolApplication

Host: AMD Ryzen 3 3200U with Radeon Vega Mobile Gfx  , 4 cores, 3G,  Windows 10 , 64 bit Build 19041 (10.0.19041.928)
Time: Sun Jun  6 19:42:38 2021 GTB Daylight Time elapsed time: 17.627926 seconds (0d 0h 0m 17s)

---------------  T H R E A D  ---------------

Current thread (0x00000261d2a4caa0):  JavaThread "C2 CompilerThread0" daemon [_thread_in_native, id=16344, stack(0x000000b6f4e00000,0x000000b6f4f00000)]


Current CompileTask:
C2:  17628 4287       4       jdk.internal.org.objectweb.asm.MethodWriter::computeAllFrames (510 bytes)

Stack: [0x000000b6f4e00000,0x000000b6f4f00000]
Native frames: (J=compiled Java code, j=interpreted, Vv=VM code, C=native code)
V  [jvm.dll+0x6687ca]
V  [jvm.dll+0x7ca3c9]
V  [jvm.dll+0x7cbb53]
V  [jvm.dll+0x7cc1b3]
V  [jvm.dll+0x242ea5]
V  [jvm.dll+0xadeca]
V  [jvm.dll+0xae5ac]
V  [jvm.dll+0x2a52cf]
V  [jvm.dll+0x574359]
V  [jvm.dll+0x21eb55]
V  [jvm.dll+0x217e51]
V  [jvm.dll+0x21524c]
V  [jvm.dll+0x1a1d9b]
V  [jvm.dll+0x2253a8]
V  [jvm.dll+0x2233ec]
V  [jvm.dll+0x780002]
V  [jvm.dll+0x779b4a]
V  [jvm.dll+0x667666]
C  [ucrtbase.dll+0x21bb2]
C  [KERNEL32.DLL+0x17034]
C  [ntdll.dll+0x52651]


---------------  P R O C E S S  ---------------

Threads class SMR info:
_java_thread_list=0x00000261d6c00d10, length=18, elements={
0x00000261b60d5f20, 0x00000261d2a399a0, 0x00000261d2a3a860, 0x00000261d2a47c50,
0x00000261d2a48560, 0x00000261d2a48f60, 0x00000261d2a49960, 0x00000261d2a4caa0,
0x00000261d2a4e4f0, 0x00000261d2a54440, 0x00000261d2b1d570, 0x00000261d3856dd0,
0x00000261d3858300, 0x00000261d3a7e020, 0x00000261d4331310, 0x00000261d4c8a040,
0x00000261d4c89050, 0x00000261d4c895a0
}

Java Threads: ( => current thread )
  0x00000261b60d5f20 JavaThread "main" [_thread_in_vm, id=2300, stack(0x000000b6f4100000,0x000000b6f4200000)]
  0x00000261d2a399a0 JavaThread "Reference Handler" daemon [_thread_blocked, id=13120, stack(0x000000b6f4800000,0x000000b6f4900000)]
  0x00000261d2a3a860 JavaThread "Finalizer" daemon [_thread_blocked, id=14124, stack(0x000000b6f4900000,0x000000b6f4a00000)]
  0x00000261d2a47c50 JavaThread "Signal Dispatcher" daemon [_thread_blocked, id=17060, stack(0x000000b6f4a00000,0x000000b6f4b00000)]
  0x00000261d2a48560 JavaThread "Attach Listener" daemon [_thread_blocked, id=17100, stack(0x000000b6f4b00000,0x000000b6f4c00000)]
  0x00000261d2a48f60 JavaThread "Service Thread" daemon [_thread_blocked, id=17820, stack(0x000000b6f4c00000,0x000000b6f4d00000)]
  0x00000261d2a49960 JavaThread "Monitor Deflation Thread" daemon [_thread_blocked, id=18312, stack(0x000000b6f4d00000,0x000000b6f4e00000)]
=>0x00000261d2a4caa0 JavaThread "C2 CompilerThread0" daemon [_thread_in_native, id=16344, stack(0x000000b6f4e00000,0x000000b6f4f00000)]
  0x00000261d2a4e4f0 JavaThread "C1 CompilerThread0" daemon [_thread_blocked, id=4064, stack(0x000000b6f4f00000,0x000000b6f5000000)]
  0x00000261d2a54440 JavaThread "Sweeper thread" daemon [_thread_blocked, id=12504, stack(0x000000b6f5000000,0x000000b6f5100000)]
  0x00000261d2b1d570 JavaThread "Common-Cleaner" daemon [_thread_blocked, id=7720, stack(0x000000b6f5100000,0x000000b6f5200000)]
  0x00000261d3856dd0 JavaThread "Monitor Ctrl-Break" daemon [_thread_in_native, id=12100, stack(0x000000b6f5200000,0x000000b6f5300000)]
  0x00000261d3858300 JavaThread "Notification Thread" daemon [_thread_blocked, id=11484, stack(0x000000b6f5300000,0x000000b6f5400000)]
  0x00000261d3a7e020 JavaThread "Catalina-utility-1" [_thread_blocked, id=8728, stack(0x000000b6f5900000,0x000000b6f5a00000)]
  0x00000261d4331310 JavaThread "Catalina-utility-2" [_thread_blocked, id=16268, stack(0x000000b6f5a00000,0x000000b6f5b00000)]
  0x00000261d4c8a040 JavaThread "container-0" [_thread_blocked, id=16940, stack(0x000000b6f5b00000,0x000000b6f5c00000)]
  0x00000261d4c89050 JavaThread "HikariPool-1 housekeeper" daemon [_thread_blocked, id=17880, stack(0x000000b6f5d00000,0x000000b6f5e00000)]
  0x00000261d4c895a0 JavaThread "HikariPool-1 connection adder" daemon [_thread_blocked, id=7636, stack(0x000000b6f5e00000,0x000000b6f5f00000)]

Other Threads:
  0x00000261d2a31d40 VMThread "VM Thread" [stack: 0x000000b6f4700000,0x000000b6f4800000] [id=15432]
  0x00000261b60d6d30 WatcherThread [stack: 0x000000b6f5400000,0x000000b6f5500000] [id=6696]
  0x00000261b61030f0 GCTaskThread "GC Thread#0" [stack: 0x000000b6f4200000,0x000000b6f4300000] [id=3232]
  0x00000261d3c17da0 GCTaskThread "GC Thread#1" [stack: 0x000000b6f5500000,0x000000b6f5600000] [id=15024]
  0x00000261d3c180b0 GCTaskThread "GC Thread#2" [stack: 0x000000b6f5600000,0x000000b6f5700000] [id=18020]
  0x00000261d3e066a0 GCTaskThread "GC Thread#3" [stack: 0x000000b6f5700000,0x000000b6f5800000] [id=17668]
  0x00000261b610a7f0 ConcurrentGCThread "G1 Main Marker" [stack: 0x000000b6f4300000,0x000000b6f4400000] [id=11880]
  0x00000261b610b260 ConcurrentGCThread "G1 Conc#0" [stack: 0x000000b6f4400000,0x000000b6f4500000] [id=12944]
  0x00000261b6145190 ConcurrentGCThread "G1 Refine#0" [stack: 0x000000b6f4500000,0x000000b6f4600000] [id=11216]
  0x00000261d3e069b0 ConcurrentGCThread "G1 Refine#1" [stack: 0x000000b6f5800000,0x000000b6f5900000] [id=4796]
  0x00000261b6145c10 ConcurrentGCThread "G1 Service" [stack: 0x000000b6f4600000,0x000000b6f4700000] [id=15192]

Threads with active compile tasks:
C2 CompilerThread0    17686 4287       4       jdk.internal.org.objectweb.asm.MethodWriter::computeAllFrames (510 bytes)

VM state: not at safepoint (normal execution)

VM Mutex/Monitor currently owned by a thread: None

Heap address: 0x00000000cca00000, size: 822 MB, Compressed Oops mode: 32-bit

CDS archive(s) mapped at: [0x0000000800000000-0x0000000800bb0000-0x0000000800bb0000), size 12255232, SharedBaseAddress: 0x0000000800000000, ArchiveRelocationMode: 0.
Compressed class space mapped at: 0x0000000800c00000-0x0000000840c00000, reserved size: 1073741824
Narrow klass base: 0x0000000800000000, Narrow klass shift: 3, Narrow klass range: 0x100000000

GC Precious Log:
 CPUs: 4 total, 4 available
 Memory: 3285M
 Large Page Support: Disabled
 NUMA Support: Disabled
 Compressed Oops: Enabled (32-bit)
 Heap Region Size: 1M
 Heap Min Capacity: 8M
 Heap Initial Capacity: 52M
 Heap Max Capacity: 822M
 Pre-touch: Disabled
 Parallel Workers: 4
 Concurrent Workers: 1
 Concurrent Refinement Workers: 4
 Periodic GC: Disabled

Heap:
 garbage-first heap   total 45056K, used 19027K [0x00000000cca00000, 0x0000000100000000)
  region size 1024K, 3 young (3072K), 2 survivors (2048K)
 Metaspace       used 43835K, committed 44160K, reserved 1089536K
  class space    used 5876K, committed 6016K, reserved 1048576K

Heap Regions: E=young(eden), S=young(survivor), O=old, HS=humongous(starts), HC=humongous(continues), CS=collection set, F=free, OA=open archive, CA=closed archive, TAMS=top-at-mark-start (previous, next)
|   0|0x00000000cca00000, 0x00000000ccb00000, 0x00000000ccb00000|100%|HS|  |TAMS 0x00000000ccb00000, 0x00000000cca00000| Complete 
|   1|0x00000000ccb00000, 0x00000000ccc00000, 0x00000000ccc00000|100%| O|  |TAMS 0x00000000ccc00000, 0x00000000ccb00000| Untracked 
|   2|0x00000000ccc00000, 0x00000000ccd00000, 0x00000000ccd00000|100%| O|  |TAMS 0x00000000ccd00000, 0x00000000ccc00000| Untracked 
|   3|0x00000000ccd00000, 0x00000000cce00000, 0x00000000cce00000|100%| O|  |TAMS 0x00000000cce00000, 0x00000000ccd00000| Untracked 
|   4|0x00000000cce00000, 0x00000000ccf00000, 0x00000000ccf00000|100%| O|  |TAMS 0x00000000ccf00000, 0x00000000cce00000| Untracked 
|   5|0x00000000ccf00000, 0x00000000cd000000, 0x00000000cd000000|100%| O|  |TAMS 0x00000000cd000000, 0x00000000ccf00000| Untracked 
|   6|0x00000000cd000000, 0x00000000cd100000, 0x00000000cd100000|100%| O|  |TAMS 0x00000000cd100000, 0x00000000cd000000| Untracked 
|   7|0x00000000cd100000, 0x00000000cd200000, 0x00000000cd200000|100%| O|  |TAMS 0x00000000cd200000, 0x00000000cd100000| Untracked 
|   8|0x00000000cd200000, 0x00000000cd2db000, 0x00000000cd300000| 85%| O|  |TAMS 0x00000000cd2db000, 0x00000000cd200000| Untracked 
|   9|0x00000000cd300000, 0x00000000cd400000, 0x00000000cd400000|100%| O|  |TAMS 0x00000000cd400000, 0x00000000cd300000| Untracked 
|  10|0x00000000cd400000, 0x00000000cd500000, 0x00000000cd500000|100%| O|  |TAMS 0x00000000cd500000, 0x00000000cd400000| Untracked 
|  11|0x00000000cd500000, 0x00000000cd600000, 0x00000000cd600000|100%| O|  |TAMS 0x00000000cd600000, 0x00000000cd500000| Untracked 
|  12|0x00000000cd600000, 0x00000000cd700000, 0x00000000cd700000|100%| O|  |TAMS 0x00000000cd700000, 0x00000000cd600000| Untracked 
|  13|0x00000000cd700000, 0x00000000cd800000, 0x00000000cd800000|100%| O|  |TAMS 0x00000000cd800000, 0x00000000cd700000| Untracked 
|  14|0x00000000cd800000, 0x00000000cd900000, 0x00000000cd900000|100%| O|  |TAMS 0x00000000cd800000, 0x00000000cd800000| Untracked 
|  15|0x00000000cd900000, 0x00000000cda00000, 0x00000000cda00000|100%| O|  |TAMS 0x00000000cd900000, 0x00000000cd900000| Untracked 
|  16|0x00000000cda00000, 0x00000000cdabe800, 0x00000000cdb00000| 74%| O|  |TAMS 0x00000000cda00000, 0x00000000cda00000| Untracked 
|  17|0x00000000cdb00000, 0x00000000cdb00000, 0x00000000cdc00000|  0%| F|  |TAMS 0x00000000cdb00000, 0x00000000cdb00000| Untracked 
|  18|0x00000000cdc00000, 0x00000000cdc00000, 0x00000000cdd00000|  0%| F|  |TAMS 0x00000000cdc00000, 0x00000000cdc00000| Untracked 
|  19|0x00000000cdd00000, 0x00000000cdd00000, 0x00000000cde00000|  0%| F|  |TAMS 0x00000000cdd00000, 0x00000000cdd00000| Untracked 
|  20|0x00000000cde00000, 0x00000000cde00000, 0x00000000cdf00000|  0%| F|  |TAMS 0x00000000cde00000, 0x00000000cde00000| Untracked 
|  21|0x00000000cdf00000, 0x00000000cdf00000, 0x00000000ce000000|  0%| F|  |TAMS 0x00000000cdf00000, 0x00000000cdf00000| Untracked 
|  22|0x00000000ce000000, 0x00000000ce000000, 0x00000000ce100000|  0%| F|  |TAMS 0x00000000ce000000, 0x00000000ce000000| Untracked 
|  23|0x00000000ce100000, 0x00000000ce100000, 0x00000000ce200000|  0%| F|  |TAMS 0x00000000ce100000, 0x00000000ce100000| Untracked 
|  24|0x00000000ce200000, 0x00000000ce200000, 0x00000000ce300000|  0%| F|  |TAMS 0x00000000ce200000, 0x00000000ce200000| Untracked 
|  25|0x00000000ce300000, 0x00000000ce3fb480, 0x00000000ce400000| 98%| S|CS|TAMS 0x00000000ce300000, 0x00000000ce300000| Complete 
|  26|0x00000000ce400000, 0x00000000ce400000, 0x00000000ce500000|  0%| F|  |TAMS 0x00000000ce400000, 0x00000000ce400000| Untracked 
|  27|0x00000000ce500000, 0x00000000ce600000, 0x00000000ce600000|100%| S|CS|TAMS 0x00000000ce500000, 0x00000000ce500000| Complete 
|  28|0x00000000ce600000, 0x00000000ce600000, 0x00000000ce700000|  0%| F|  |TAMS 0x00000000ce600000, 0x00000000ce600000| Untracked 
|  29|0x00000000ce700000, 0x00000000ce700000, 0x00000000ce800000|  0%| F|  |TAMS 0x00000000ce700000, 0x00000000ce700000| Untracked 
|  30|0x00000000ce800000, 0x00000000ce800000, 0x00000000ce900000|  0%| F|  |TAMS 0x00000000ce800000, 0x00000000ce800000| Untracked 
|  31|0x00000000ce900000, 0x00000000ce900000, 0x00000000cea00000|  0%| F|  |TAMS 0x00000000ce900000, 0x00000000ce900000| Untracked 
|  32|0x00000000cea00000, 0x00000000cea00000, 0x00000000ceb00000|  0%| F|  |TAMS 0x00000000cea00000, 0x00000000cea00000| Untracked 
|  33|0x00000000ceb00000, 0x00000000ceb00000, 0x00000000cec00000|  0%| F|  |TAMS 0x00000000ceb00000, 0x00000000ceb00000| Untracked 
|  34|0x00000000cec00000, 0x00000000cec00000, 0x00000000ced00000|  0%| F|  |TAMS 0x00000000cec00000, 0x00000000cec00000| Untracked 
|  35|0x00000000ced00000, 0x00000000ced00000, 0x00000000cee00000|  0%| F|  |TAMS 0x00000000ced00000, 0x00000000ced00000| Untracked 
|  36|0x00000000cee00000, 0x00000000cee00000, 0x00000000cef00000|  0%| F|  |TAMS 0x00000000cee00000, 0x00000000cee00000| Untracked 
|  37|0x00000000cef00000, 0x00000000cef00000, 0x00000000cf000000|  0%| F|  |TAMS 0x00000000cef00000, 0x00000000cef00000| Untracked 
|  38|0x00000000cf000000, 0x00000000cf000000, 0x00000000cf100000|  0%| F|  |TAMS 0x00000000cf000000, 0x00000000cf000000| Untracked 
|  39|0x00000000cf100000, 0x00000000cf100000, 0x00000000cf200000|  0%| F|  |TAMS 0x00000000cf100000, 0x00000000cf100000| Untracked 
|  40|0x00000000cf200000, 0x00000000cf200000, 0x00000000cf300000|  0%| F|  |TAMS 0x00000000cf200000, 0x00000000cf200000| Untracked 
|  41|0x00000000cf300000, 0x00000000cf300000, 0x00000000cf400000|  0%| F|  |TAMS 0x00000000cf300000, 0x00000000cf300000| Untracked 
|  42|0x00000000cf400000, 0x00000000cf400000, 0x00000000cf500000|  0%| F|  |TAMS 0x00000000cf400000, 0x00000000cf400000| Untracked 
|  51|0x00000000cfd00000, 0x00000000cfdeaf48, 0x00000000cfe00000| 91%| E|  |TAMS 0x00000000cfd00000, 0x00000000cfd00000| Complete 

Card table byte_map: [0x00000261ce7e0000,0x00000261ce980000] _byte_map_base: 0x00000261ce17b000

Marking Bits (Prev, Next): (CMBitMap*) 0x00000261b6103760, (CMBitMap*) 0x00000261b61037a0
 Prev Bits: [0x00000261ceb20000, 0x00000261cf7f8000)
 Next Bits: [0x00000261cf800000, 0x00000261d04d8000)

Polling page: 0x00000261b61a0000

Metaspace:

Usage:
  Non-class:     37.07 MB used.
      Class:      5.74 MB used.
       Both:     42.81 MB used.

Virtual space:
  Non-class space:       40.00 MB reserved,      37.25 MB ( 93%) committed,  5 nodes.
      Class space:        1.00 GB reserved,       5.88 MB ( <1%) committed,  1 nodes.
              Both:        1.04 GB reserved,      43.12 MB (  4%) committed. 

Chunk freelists:
   Non-Class:  2.33 MB
       Class:  2.08 MB
        Both:  4.41 MB

MaxMetaspaceSize: 17179869184.00 GB
CompressedClassSpaceSize: 1.00 GB
 - commit_granule_bytes: 65536.
 - commit_granule_words: 8192.
 - virtual_space_node_default_size: 1048576.
 - enlarge_chunks_in_place: 1.
 - new_chunks_are_fully_committed: 0.
 - uncommit_free_chunks: 1.
 - use_allocation_guard: 0.
 - handle_deallocations: 1.


Internal statistics:

num_allocs_failed_limit: 6.
num_arena_births: 348.
num_arena_deaths: 0.
num_vsnodes_births: 6.
num_vsnodes_deaths: 0.
num_space_committed: 690.
num_space_uncommitted: 0.
num_chunks_returned_to_freelist: 6.
num_chunks_taken_from_freelist: 1891.
num_chunk_merges: 3.
num_chunk_splits: 1370.
num_chunks_enlarged: 1094.
num_purges: 0.

CodeHeap 'non-profiled nmethods': size=120000Kb used=2388Kb max_used=2388Kb free=117611Kb
 bounds [0x00000261c6ad0000, 0x00000261c6d40000, 0x00000261ce000000]
CodeHeap 'profiled nmethods': size=120000Kb used=9215Kb max_used=9215Kb free=110784Kb
 bounds [0x00000261bf5a0000, 0x00000261bfea0000, 0x00000261c6ad0000]
CodeHeap 'non-nmethods': size=5760Kb used=1278Kb max_used=1316Kb free=4481Kb
 bounds [0x00000261bf000000, 0x00000261bf270000, 0x00000261bf5a0000]
 total_blobs=4878 nmethods=4287 adapters=502
 compilation: enabled
              stopped_count=0, restarted_count=0
 full_count=0

Compilation events (20 events):
Event: 17.583 Thread 0x00000261d2a4e4f0 4308       3       java.util.Hashtable$Enumerator::hasMoreElements (53 bytes)
Event: 17.583 Thread 0x00000261d2a4e4f0 nmethod 4308 0x00000261bfe90990 code [0x00000261bfe90b40, 0x00000261bfe90e18]
Event: 17.584 Thread 0x00000261d2a4e4f0 4309       1       java.util.TreeMap$Entry::getValue (5 bytes)
Event: 17.584 Thread 0x00000261d2a4e4f0 nmethod 4309 0x00000261c6d21590 code [0x00000261c6d21720, 0x00000261c6d217f8]
Event: 17.585 Thread 0x00000261d2a4e4f0 4310       3       java.lang.reflect.Modifier::toString (185 bytes)
Event: 17.585 Thread 0x00000261d2a4e4f0 nmethod 4310 0x00000261bfe90f10 code [0x00000261bfe911a0, 0x00000261bfe919d8]
Event: 17.593 Thread 0x00000261d2a4e4f0 4311       3       java.beans.MethodRef::isSet (13 bytes)
Event: 17.593 Thread 0x00000261d2a4e4f0 nmethod 4311 0x00000261bfe91c10 code [0x00000261bfe91da0, 0x00000261bfe91f18]
Event: 17.594 Thread 0x00000261d2a4e4f0 4312       1       org.springframework.beans.GenericTypeAwarePropertyDescriptor::getReadMethod (5 bytes)
Event: 17.594 Thread 0x00000261d2a4e4f0 nmethod 4312 0x00000261c6d21890 code [0x00000261c6d21a20, 0x00000261c6d21af8]
Event: 17.610 Thread 0x00000261d2a4e4f0 4313       3       java.lang.reflect.Method::getGenericExceptionTypes (5 bytes)
Event: 17.611 Thread 0x00000261d2a4e4f0 nmethod 4313 0x00000261bfe91f90 code [0x00000261bfe92240, 0x00000261bfe93378]
Event: 17.613 Thread 0x00000261d2a4e4f0 4314       3       sun.reflect.generics.reflectiveObjects.ParameterizedTypeImpl::make (11 bytes)
Event: 17.614 Thread 0x00000261d2a4e4f0 nmethod 4314 0x00000261bfe93890 code [0x00000261bfe93a60, 0x00000261bfe93e58]
Event: 17.615 Thread 0x00000261d2a4e4f0 4315       3       java.lang.reflect.Executable::printModifiersIfNonzero (101 bytes)
Event: 17.615 Thread 0x00000261d2a4e4f0 nmethod 4315 0x00000261bfe94010 code [0x00000261bfe942a0, 0x00000261bfe94ac8]
Event: 17.616 Thread 0x00000261d2a4e4f0 4316       3       java.lang.reflect.Method::specificToGenericStringHeader (48 bytes)
Event: 17.618 Thread 0x00000261d2a4e4f0 nmethod 4316 0x00000261bfe94e10 code [0x00000261bfe95160, 0x00000261bfe966f8]
Event: 17.622 Thread 0x00000261d2a4e4f0 4317       3       java.util.TreeMap$ValueIterator::next (8 bytes)
Event: 17.622 Thread 0x00000261d2a4e4f0 nmethod 4317 0x00000261bfe96e90 code [0x00000261bfe97040, 0x00000261bfe97188]

GC Heap History (20 events):
Event: 6.119 GC heap before
{Heap before GC invocations=4 (full 0):
 garbage-first heap   total 53248K, used 34143K [0x00000000cca00000, 0x0000000100000000)
  region size 1024K, 29 young (29696K), 4 survivors (4096K)
 Metaspace       used 15266K, committed 15488K, reserved 1064960K
  class space    used 1838K, committed 1920K, reserved 1048576K
}
Event: 6.125 GC heap after
{Heap after GC invocations=5 (full 0):
 garbage-first heap   total 53248K, used 9707K [0x00000000cca00000, 0x0000000100000000)
  region size 1024K, 2 young (2048K), 2 survivors (2048K)
 Metaspace       used 15266K, committed 15488K, reserved 1064960K
  class space    used 1838K, committed 1920K, reserved 1048576K
}
Event: 7.024 GC heap before
{Heap before GC invocations=5 (full 0):
 garbage-first heap   total 53248K, used 37355K [0x00000000cca00000, 0x0000000100000000)
  region size 1024K, 30 young (30720K), 2 survivors (2048K)
 Metaspace       used 17254K, committed 17536K, reserved 1064960K
  class space    used 2061K, committed 2176K, reserved 1048576K
}
Event: 7.029 GC heap after
{Heap after GC invocations=6 (full 0):
 garbage-first heap   total 53248K, used 10560K [0x00000000cca00000, 0x0000000100000000)
  region size 1024K, 3 young (3072K), 3 survivors (3072K)
 Metaspace       used 17254K, committed 17536K, reserved 1064960K
  class space    used 2061K, committed 2176K, reserved 1048576K
}
Event: 8.499 GC heap before
{Heap before GC invocations=6 (full 0):
 garbage-first heap   total 53248K, used 31040K [0x00000000cca00000, 0x0000000100000000)
  region size 1024K, 25 young (25600K), 3 survivors (3072K)
 Metaspace       used 20928K, committed 21248K, reserved 1073152K
  class space    used 2559K, committed 2752K, reserved 1048576K
}
Event: 8.511 GC heap after
{Heap after GC invocations=7 (full 0):
 garbage-first heap   total 53248K, used 12140K [0x00000000cca00000, 0x0000000100000000)
  region size 1024K, 3 young (3072K), 3 survivors (3072K)
 Metaspace       used 20928K, committed 21248K, reserved 1073152K
  class space    used 2559K, committed 2752K, reserved 1048576K
}
Event: 10.095 GC heap before
{Heap before GC invocations=8 (full 0):
 garbage-first heap   total 45056K, used 34668K [0x00000000cca00000, 0x0000000100000000)
  region size 1024K, 26 young (26624K), 3 survivors (3072K)
 Metaspace       used 25286K, committed 25600K, reserved 1073152K
  class space    used 3118K, committed 3264K, reserved 1048576K
}
Event: 10.109 GC heap after
{Heap after GC invocations=9 (full 0):
 garbage-first heap   total 45056K, used 14346K [0x00000000cca00000, 0x0000000100000000)
  region size 1024K, 4 young (4096K), 4 survivors (4096K)
 Metaspace       used 25286K, committed 25600K, reserved 1073152K
  class space    used 3118K, committed 3264K, reserved 1048576K
}
Event: 10.117 GC heap before
{Heap before GC invocations=9 (full 0):
 garbage-first heap   total 45056K, used 31754K [0x00000000cca00000, 0x0000000100000000)
  region size 1024K, 22 young (22528K), 4 survivors (4096K)
 Metaspace       used 25286K, committed 25600K, reserved 1073152K
  class space    used 3118K, committed 3264K, reserved 1048576K
}
Event: 10.127 GC heap after
{Heap after GC invocations=10 (full 0):
 garbage-first heap   total 45056K, used 14243K [0x00000000cca00000, 0x0000000100000000)
  region size 1024K, 1 young (1024K), 1 survivors (1024K)
 Metaspace       used 25286K, committed 25600K, reserved 1073152K
  class space    used 3118K, committed 3264K, reserved 1048576K
}
Event: 10.268 GC heap before
{Heap before GC invocations=10 (full 0):
 garbage-first heap   total 45056K, used 32675K [0x00000000cca00000, 0x0000000100000000)
  region size 1024K, 20 young (20480K), 1 survivors (1024K)
 Metaspace       used 25770K, committed 26048K, reserved 1073152K
  class space    used 3177K, committed 3328K, reserved 1048576K
}
Event: 10.270 GC heap after
{Heap after GC invocations=11 (full 0):
 garbage-first heap   total 45056K, used 14520K [0x00000000cca00000, 0x0000000100000000)
  region size 1024K, 1 young (1024K), 1 survivors (1024K)
 Metaspace       used 25770K, committed 26048K, reserved 1073152K
  class space    used 3177K, committed 3328K, reserved 1048576K
}
Event: 11.582 GC heap before
{Heap before GC invocations=11 (full 0):
 garbage-first heap   total 45056K, used 33976K [0x00000000cca00000, 0x0000000100000000)
  region size 1024K, 21 young (21504K), 1 survivors (1024K)
 Metaspace       used 30932K, committed 31232K, reserved 1081344K
  class space    used 3788K, committed 3904K, reserved 1048576K
}
Event: 11.588 GC heap after
{Heap after GC invocations=12 (full 0):
 garbage-first heap   total 45056K, used 15991K [0x00000000cca00000, 0x0000000100000000)
  region size 1024K, 2 young (2048K), 2 survivors (2048K)
 Metaspace       used 30932K, committed 31232K, reserved 1081344K
  class space    used 3788K, committed 3904K, reserved 1048576K
}
Event: 12.663 GC heap before
{Heap before GC invocations=12 (full 0):
 garbage-first heap   total 45056K, used 33399K [0x00000000cca00000, 0x0000000100000000)
  region size 1024K, 20 young (20480K), 2 survivors (2048K)
 Metaspace       used 35184K, committed 35520K, reserved 1081344K
  class space    used 4606K, committed 4800K, reserved 1048576K
}
Event: 12.669 GC heap after
{Heap after GC invocations=13 (full 0):
 garbage-first heap   total 45056K, used 17137K [0x00000000cca00000, 0x0000000100000000)
  region size 1024K, 2 young (2048K), 2 survivors (2048K)
 Metaspace       used 35184K, committed 35520K, reserved 1081344K
  class space    used 4606K, committed 4800K, reserved 1048576K
}
Event: 15.614 GC heap before
{Heap before GC invocations=14 (full 0):
 garbage-first heap   total 45056K, used 33521K [0x00000000cca00000, 0x0000000100000000)
  region size 1024K, 19 young (19456K), 2 survivors (2048K)
 Metaspace       used 39868K, committed 40192K, reserved 1089536K
  class space    used 5192K, committed 5376K, reserved 1048576K
}
Event: 15.622 GC heap after
{Heap after GC invocations=15 (full 0):
 garbage-first heap   total 45056K, used 18192K [0x00000000cca00000, 0x0000000100000000)
  region size 1024K, 3 young (3072K), 3 survivors (3072K)
 Metaspace       used 39868K, committed 40192K, reserved 1089536K
  class space    used 5192K, committed 5376K, reserved 1048576K
}
Event: 17.586 GC heap before
{Heap before GC invocations=15 (full 0):
 garbage-first heap   total 45056K, used 34576K [0x00000000cca00000, 0x0000000100000000)
  region size 1024K, 19 young (19456K), 3 survivors (3072K)
 Metaspace       used 43791K, committed 44096K, reserved 1089536K
  class space    used 5873K, committed 6016K, reserved 1048576K
}
Event: 17.592 GC heap after
{Heap after GC invocations=16 (full 0):
 garbage-first heap   total 45056K, used 19027K [0x00000000cca00000, 0x0000000100000000)
  region size 1024K, 2 young (2048K), 2 survivors (2048K)
 Metaspace       used 43791K, committed 44096K, reserved 1089536K
  class space    used 5873K, committed 6016K, reserved 1048576K
}

Deoptimization events (20 events):
Event: 17.359 Thread 0x00000261b60d5f20 Uncommon trap: trap_request=0xffffff45 fr.pc=0x00000261c6c02378 relative=0x0000000000000798
Event: 17.359 Thread 0x00000261b60d5f20 Uncommon trap: reason=unstable_if action=reinterpret pc=0x00000261c6c02378 method=java.util.HashMap.putVal(ILjava/lang/Object;Ljava/lang/Object;ZZ)Ljava/lang/Object; @ 94 c2
Event: 17.359 Thread 0x00000261b60d5f20 DEOPT PACKING pc=0x00000261c6c02378 sp=0x000000b6f41fd920
Event: 17.359 Thread 0x00000261b60d5f20 DEOPT UNPACKING pc=0x00000261bf04d72e sp=0x000000b6f41fd8a8 mode 2
Event: 17.536 Thread 0x00000261b60d5f20 Uncommon trap: trap_request=0xffffff45 fr.pc=0x00000261c6d1b6b0 relative=0x00000000000000f0
Event: 17.536 Thread 0x00000261b60d5f20 Uncommon trap: reason=unstable_if action=reinterpret pc=0x00000261c6d1b6b0 method=java.lang.ThreadLocal$ThreadLocalMap.getEntry(Ljava/lang/ThreadLocal;)Ljava/lang/ThreadLocal$ThreadLocalMap$Entry; @ 29 c2
Event: 17.536 Thread 0x00000261b60d5f20 DEOPT PACKING pc=0x00000261c6d1b6b0 sp=0x000000b6f41fd9f0
Event: 17.536 Thread 0x00000261b60d5f20 DEOPT UNPACKING pc=0x00000261bf04d72e sp=0x000000b6f41fd908 mode 2
Event: 17.552 Thread 0x00000261b60d5f20 Uncommon trap: trap_request=0xffffffde fr.pc=0x00000261c6c2e10c relative=0x0000000000002e6c
Event: 17.552 Thread 0x00000261b60d5f20 Uncommon trap: reason=class_check action=maybe_recompile pc=0x00000261c6c2e10c method=org.springframework.beans.factory.support.AbstractBeanFactory.isTypeMatch(Ljava/lang/String;Lorg/springframework/core/ResolvableType;Z)Z @ 53 c2
Event: 17.552 Thread 0x00000261b60d5f20 DEOPT PACKING pc=0x00000261c6c2e10c sp=0x000000b6f41fdd60
Event: 17.553 Thread 0x00000261b60d5f20 DEOPT UNPACKING pc=0x00000261bf04d72e sp=0x000000b6f41fdd10 mode 2
Event: 17.555 Thread 0x00000261b60d5f20 Uncommon trap: trap_request=0xffffffde fr.pc=0x00000261c6c2e10c relative=0x0000000000002e6c
Event: 17.555 Thread 0x00000261b60d5f20 Uncommon trap: reason=class_check action=maybe_recompile pc=0x00000261c6c2e10c method=org.springframework.beans.factory.support.AbstractBeanFactory.isTypeMatch(Ljava/lang/String;Lorg/springframework/core/ResolvableType;Z)Z @ 53 c2
Event: 17.555 Thread 0x00000261b60d5f20 DEOPT PACKING pc=0x00000261c6c2e10c sp=0x000000b6f41fd170
Event: 17.555 Thread 0x00000261b60d5f20 DEOPT UNPACKING pc=0x00000261bf04d72e sp=0x000000b6f41fd120 mode 2
Event: 17.614 Thread 0x00000261b60d5f20 Uncommon trap: trap_request=0xffffff45 fr.pc=0x00000261c6bc645c relative=0x00000000000002bc
Event: 17.614 Thread 0x00000261b60d5f20 Uncommon trap: reason=unstable_if action=reinterpret pc=0x00000261c6bc645c method=java.util.WeakHashMap.expungeStaleEntries()V @ 9 c2
Event: 17.614 Thread 0x00000261b60d5f20 DEOPT PACKING pc=0x00000261c6bc645c sp=0x000000b6f41fbe20
Event: 17.614 Thread 0x00000261b60d5f20 DEOPT UNPACKING pc=0x00000261bf04d72e sp=0x000000b6f41fbd60 mode 2

Classes unloaded (0 events):
No events

Classes redefined (0 events):
No events

Internal exceptions (20 events):
Event: 10.250 Thread 0x00000261b60d5f20 Exception <a 'java/lang/NoSuchMethodError'{0x00000000ce284be8}: 'int java.lang.invoke.DirectMethodHandle$Holder.invokeInterface(java.lang.Object, java.lang.Object, java.lang.Object, java.lang.Object)'> (0x00000000ce284be8) 
thrown [t:\workspace\open\src\hotspot\share\interpreter\linkResolver.cpp, line 790]
Event: 10.335 Thread 0x00000261b60d5f20 Exception <a 'java/io/FileNotFoundException'{0x00000000cf46af50}> (0x00000000cf46af50) 
thrown [t:\workspace\open\src\hotspot\share\prims\jni.cpp, line 579]
Event: 10.446 Thread 0x00000261b60d5f20 Implicit null exception at 0x00000261c6bfde5a to 0x00000261c6bfe050
Event: 11.211 Thread 0x00000261b60d5f20 Exception <a 'sun/nio/fs/WindowsException'{0x00000000ce995098}> (0x00000000ce995098) 
thrown [t:\workspace\open\src\hotspot\share\prims\jni.cpp, line 579]
Event: 11.407 Thread 0x00000261b60d5f20 Exception <a 'java/lang/NoSuchMethodError'{0x00000000ce51c4b0}: 'java.lang.Object java.lang.invoke.DirectMethodHandle$Holder.invokeStaticInit(java.lang.Object, java.lang.Object, java.lang.Object, java.lang.Object)'> (0x00000000ce51c4b0) 
thrown [t:\workspace\open\src\hotspot\share\interpreter\linkResolver.cpp, line 790]
Event: 11.420 Thread 0x00000261b60d5f20 Implicit null exception at 0x00000261c6bfbadf to 0x00000261c6bfbea8
Event: 14.943 Thread 0x00000261b60d5f20 Exception <a 'java/lang/NoSuchMethodError'{0x00000000ceacc168}: 'java.lang.Object java.lang.invoke.DirectMethodHandle$Holder.newInvokeSpecial(java.lang.Object, java.lang.Object, int, java.lang.Object, java.lang.Object)'> (0x00000000ceacc168) 
thrown [t:\workspace\open\src\hotspot\share\interpreter\linkResolver.cpp, line 790]
Event: 17.000 Thread 0x00000261b60d5f20 Exception <a 'java/lang/NoSuchMethodError'{0x00000000ceb1f920}: 'void java.lang.invoke.DirectMethodHandle$Holder.invokeInterface(java.lang.Object, java.lang.Object)'> (0x00000000ceb1f920) 
thrown [t:\workspace\open\src\hotspot\share\interpreter\linkResolver.cpp, line 790]
Event: 17.005 Thread 0x00000261b60d5f20 Exception <a 'java/lang/NoSuchMethodError'{0x00000000ceb2cfc8}: 'int java.lang.invoke.DirectMethodHandle$Holder.invokeStatic(java.lang.Object, java.lang.Object, int)'> (0x00000000ceb2cfc8) 
thrown [t:\workspace\open\src\hotspot\share\interpreter\linkResolver.cpp, line 790]
Event: 17.056 Thread 0x00000261b60d5f20 Exception <a 'java/lang/NoSuchMethodError'{0x00000000ceba59c0}: 'java.lang.Object java.lang.invoke.DirectMethodHandle$Holder.invokeStaticInit(java.lang.Object, java.lang.Object, java.lang.Object, java.lang.Object, int, int)'> (0x00000000ceba59c0) 
thrown [t:\workspace\open\src\hotspot\share\interpreter\linkResolver.cpp, line 790]
Event: 17.119 Thread 0x00000261b60d5f20 Exception <a 'java/lang/NoSuchMethodError'{0x00000000cea44e08}: 'void java.lang.invoke.DirectMethodHandle$Holder.invokeStaticInit(java.lang.Object, java.lang.Object, java.lang.Object, java.lang.Object)'> (0x00000000cea44e08) 
thrown [t:\workspace\open\src\hotspot\share\interpreter\linkResolver.cpp, line 790]
Event: 17.564 Thread 0x00000261b60d5f20 Exception <a 'java/lang/ClassNotFoundException'{0x00000000ce6a9d48}: java/lang/ObjectCustomizer> (0x00000000ce6a9d48) 
thrown [t:\workspace\open\src\hotspot\share\classfile\systemDictionary.cpp, line 256]
Event: 17.567 Thread 0x00000261b60d5f20 Exception <a 'java/lang/ClassNotFoundException'{0x00000000ce6b1718}: org/springframework/data/repository/core/support/RepositoryFactoryBeanSupportCustomizer> (0x00000000ce6b1718) 
thrown [t:\workspace\open\src\hotspot\share\classfile\systemDictionary.cpp, line 256]
Event: 17.576 Thread 0x00000261b60d5f20 Exception <a 'java/lang/ClassNotFoundException'{0x00000000ce6db190}: org/springframework/data/repository/core/support/TransactionalRepositoryFactoryBeanSupportCustomizer> (0x00000000ce6db190) 
thrown [t:\workspace\open\src\hotspot\share\classfile\systemDictionary.cpp, line 256]
Event: 17.581 Thread 0x00000261b60d5f20 Exception <a 'java/lang/ClassNotFoundException'{0x00000000ce6e90d0}: org/springframework/data/jpa/repository/support/JpaRepositoryFactoryBeanCustomizer> (0x00000000ce6e90d0) 
thrown [t:\workspace\open\src\hotspot\share\classfile\systemDictionary.cpp, line 256]
Event: 17.601 Thread 0x00000261b60d5f20 Exception <a 'java/lang/ClassNotFoundException'{0x00000000cfd17b78}: org/springframework/beans/factory/BeanFactoryAwareCustomizer> (0x00000000cfd17b78) 
thrown [t:\workspace\open\src\hotspot\share\classfile\systemDictionary.cpp, line 256]
Event: 17.606 Thread 0x00000261b60d5f20 Exception <a 'java/lang/ClassNotFoundException'{0x00000000cfd1ce90}: org/springframework/beans/factory/AwareCustomizer> (0x00000000cfd1ce90) 
thrown [t:\workspace\open\src\hotspot\share\classfile\systemDictionary.cpp, line 256]
Event: 17.608 Thread 0x00000261b60d5f20 Exception <a 'java/lang/ClassNotFoundException'{0x00000000cfd20e00}: org/springframework/beans/factory/InitializingBeanCustomizer> (0x00000000cfd20e00) 
thrown [t:\workspace\open\src\hotspot\share\classfile\systemDictionary.cpp, line 256]
Event: 17.609 Thread 0x00000261b60d5f20 Exception <a 'java/lang/ClassNotFoundException'{0x00000000cfd25f38}: org/springframework/data/repository/core/support/RepositoryFactoryInformationCustomizer> (0x00000000cfd25f38) 
thrown [t:\workspace\open\src\hotspot\share\classfile\systemDictionary.cpp, line 256]
Event: 17.621 Thread 0x00000261b60d5f20 Exception <a 'java/lang/ClassNotFoundException'{0x00000000cfd306b8}: org/springframework/beans/factory/FactoryBeanCustomizer> (0x00000000cfd306b8) 
thrown [t:\workspace\open\src\hotspot\share\classfile\systemDictionary.cpp, line 256]

Events (20 events):
Event: 17.122 loading class java/io/ObjectInputValidation
Event: 17.123 loading class java/io/ObjectInputValidation done
Event: 17.123 loading class java/io/NotActiveException
Event: 17.123 loading class java/io/NotActiveException done
Event: 17.123 loading class java/io/ObjectInputFilter
Event: 17.124 loading class java/io/ObjectInputFilter done
Event: 17.149 loading class java/io/ObjectInputFilter$FilterInfo
Event: 17.149 loading class java/io/ObjectInputFilter$FilterInfo done
Event: 17.149 loading class java/io/ObjectInputFilter$Status
Event: 17.149 loading class java/io/ObjectInputFilter$Status done
Event: 17.526 loading class javax/naming/Reference
Event: 17.528 loading class javax/naming/Reference done
Event: 17.564 loading class java/lang/ObjectCustomizer
Event: 17.564 loading class java/lang/ObjectCustomizer done
Event: 17.564 loading class java/lang/ObjectCustomizer
Event: 17.564 loading class java/lang/ObjectCustomizer done
Event: 17.572 Executing  VM operation: ICBufferFull
Event: 17.572 Executing  VM operation: ICBufferFull done
Event: 17.586 Executing  VM operation: G1CollectForAllocation
Event: 17.592 Executing  VM operation: G1CollectForAllocation done


Dynamic libraries:
0x00007ff6fd250000 - 0x00007ff6fd25e000 	C:\Users\40749\.jdks\openjdk-16.0.1\bin\java.exe
0x00007ff9c8050000 - 0x00007ff9c8245000 	C:\WINDOWS\SYSTEM32\ntdll.dll
0x00007ff9c7930000 - 0x00007ff9c79ed000 	C:\WINDOWS\System32\KERNEL32.DLL
0x00007ff9c5890000 - 0x00007ff9c5b58000 	C:\WINDOWS\System32\KERNELBASE.dll
0x00007ff9c2e30000 - 0x00007ff9c2ec0000 	C:\WINDOWS\SYSTEM32\apphelp.dll
0x00007ff9c5b60000 - 0x00007ff9c5c60000 	C:\WINDOWS\System32\ucrtbase.dll
0x00007ff9bfb30000 - 0x00007ff9bfb48000 	C:\Users\40749\.jdks\openjdk-16.0.1\bin\jli.dll
0x00007ff9bf350000 - 0x00007ff9bf369000 	C:\Users\40749\.jdks\openjdk-16.0.1\bin\VCRUNTIME140.dll
0x00007ff9b4df0000 - 0x00007ff9b508a000 	C:\WINDOWS\WinSxS\amd64_microsoft.windows.common-controls_6595b64144ccf1df_6.0.19041.844_none_ca00b6081b84eb1d\COMCTL32.dll
0x00007ff9c7890000 - 0x00007ff9c792e000 	C:\WINDOWS\System32\msvcrt.dll
0x00007ff9c6e00000 - 0x00007ff9c6e2a000 	C:\WINDOWS\System32\GDI32.dll
0x00007ff9c5f20000 - 0x00007ff9c5f42000 	C:\WINDOWS\System32\win32u.dll
0x00007ff9c5e10000 - 0x00007ff9c5f1b000 	C:\WINDOWS\System32\gdi32full.dll
0x00007ff9c57f0000 - 0x00007ff9c588d000 	C:\WINDOWS\System32\msvcp_win.dll
0x00007ff9c79f0000 - 0x00007ff9c7b90000 	C:\WINDOWS\System32\USER32.dll
0x00007ff9c7360000 - 0x00007ff9c7390000 	C:\WINDOWS\System32\IMM32.DLL
0x00007ff9c2cc0000 - 0x00007ff9c2ccc000 	C:\Users\40749\.jdks\openjdk-16.0.1\bin\vcruntime140_1.dll
0x00007ff99c0c0000 - 0x00007ff99c151000 	C:\Users\40749\.jdks\openjdk-16.0.1\bin\msvcp140.dll
0x00007ff990c80000 - 0x00007ff99182b000 	C:\Users\40749\.jdks\openjdk-16.0.1\bin\server\jvm.dll
0x00007ff9c77e0000 - 0x00007ff9c788c000 	C:\WINDOWS\System32\ADVAPI32.dll
0x00007ff9c60d0000 - 0x00007ff9c616b000 	C:\WINDOWS\System32\sechost.dll
0x00007ff9c6250000 - 0x00007ff9c637b000 	C:\WINDOWS\System32\RPCRT4.dll
0x00007ff9c6c40000 - 0x00007ff9c6c48000 	C:\WINDOWS\System32\PSAPI.DLL
0x00007ff9bdae0000 - 0x00007ff9bdb07000 	C:\WINDOWS\SYSTEM32\WINMM.dll
0x00007ff9a6b60000 - 0x00007ff9a6b69000 	C:\WINDOWS\SYSTEM32\WSOCK32.dll
0x00007ff9bdad0000 - 0x00007ff9bdada000 	C:\WINDOWS\SYSTEM32\VERSION.dll
0x00007ff9c7570000 - 0x00007ff9c75db000 	C:\WINDOWS\System32\WS2_32.dll
0x00007ff9c4060000 - 0x00007ff9c4072000 	C:\WINDOWS\SYSTEM32\kernel.appcore.dll
0x00007ff9c2c40000 - 0x00007ff9c2c4a000 	C:\Users\40749\.jdks\openjdk-16.0.1\bin\jimage.dll
0x00007ff9c3e50000 - 0x00007ff9c4034000 	C:\WINDOWS\SYSTEM32\DBGHELP.DLL
0x00007ff9ae250000 - 0x00007ff9ae27c000 	C:\WINDOWS\SYSTEM32\dbgcore.DLL
0x00007ff9c6000000 - 0x00007ff9c6080000 	C:\WINDOWS\System32\bcryptPrimitives.dll
0x00007ff9bf300000 - 0x00007ff9bf30e000 	C:\Users\40749\.jdks\openjdk-16.0.1\bin\instrument.dll
0x00007ff9be790000 - 0x00007ff9be7b5000 	C:\Users\40749\.jdks\openjdk-16.0.1\bin\java.dll
0x00007ff9c6380000 - 0x00007ff9c6ac2000 	C:\WINDOWS\System32\SHELL32.dll
0x00007ff9c3580000 - 0x00007ff9c3d10000 	C:\WINDOWS\SYSTEM32\windows.storage.dll
0x00007ff9c7000000 - 0x00007ff9c7355000 	C:\WINDOWS\System32\combase.dll
0x00007ff9c5190000 - 0x00007ff9c51bc000 	C:\WINDOWS\SYSTEM32\Wldp.dll
0x00007ff9c6e30000 - 0x00007ff9c6ede000 	C:\WINDOWS\System32\SHCORE.dll
0x00007ff9c76c0000 - 0x00007ff9c7715000 	C:\WINDOWS\System32\shlwapi.dll
0x00007ff9c56d0000 - 0x00007ff9c56ef000 	C:\WINDOWS\SYSTEM32\profapi.dll
0x00007ff9b8740000 - 0x00007ff9b8758000 	C:\Users\40749\.jdks\openjdk-16.0.1\bin\zip.dll
0x00007ff9be770000 - 0x00007ff9be789000 	C:\Users\40749\.jdks\openjdk-16.0.1\bin\net.dll
0x00007ff9bd160000 - 0x00007ff9bd26b000 	C:\WINDOWS\SYSTEM32\WINHTTP.dll
0x00007ff9c4ea0000 - 0x00007ff9c4f0a000 	C:\WINDOWS\system32\mswsock.dll
0x00007ff9b8d10000 - 0x00007ff9b8d23000 	C:\Users\40749\.jdks\openjdk-16.0.1\bin\nio.dll
0x00007ff9b8720000 - 0x00007ff9b873a000 	C:\Program Files\JetBrains\IntelliJ IDEA Community Edition 2021.1\bin\breakgen64.dll
0x00007ff9bf2f0000 - 0x00007ff9bf300000 	C:\Users\40749\.jdks\openjdk-16.0.1\bin\verify.dll
0x00007ff9be760000 - 0x00007ff9be769000 	C:\Users\40749\.jdks\openjdk-16.0.1\bin\management.dll
0x00007ff9bc8b0000 - 0x00007ff9bc8bb000 	C:\Users\40749\.jdks\openjdk-16.0.1\bin\management_ext.dll
0x00007ff9bfb70000 - 0x00007ff9bfb87000 	C:\WINDOWS\system32\napinsp.dll
0x00007ff9bfb50000 - 0x00007ff9bfb6b000 	C:\WINDOWS\system32\pnrpnsp.dll
0x00007ff99b900000 - 0x00007ff99b915000 	C:\WINDOWS\system32\wshbth.dll
0x00007ff9c0e90000 - 0x00007ff9c0ead000 	C:\WINDOWS\system32\NLAapi.dll
0x00007ff9c4b90000 - 0x00007ff9c4bcb000 	C:\WINDOWS\SYSTEM32\IPHLPAPI.DLL
0x00007ff9c4bd0000 - 0x00007ff9c4c9c000 	C:\WINDOWS\SYSTEM32\DNSAPI.dll
0x00007ff9c7b90000 - 0x00007ff9c7b98000 	C:\WINDOWS\System32\NSI.dll
0x00007ff9bda60000 - 0x00007ff9bda72000 	C:\WINDOWS\System32\winrnr.dll
0x00007ff9bb890000 - 0x00007ff9bb89a000 	C:\Windows\System32\rasadhlp.dll
0x00007ff9bb7b0000 - 0x00007ff9bb82f000 	C:\WINDOWS\System32\fwpuclnt.dll
0x00007ff9c6080000 - 0x00007ff9c60a7000 	C:\WINDOWS\System32\bcrypt.dll
0x00007ff9c5070000 - 0x00007ff9c5088000 	C:\WINDOWS\SYSTEM32\CRYPTSP.dll
0x00007ff9c4840000 - 0x00007ff9c4874000 	C:\WINDOWS\system32\rsaenh.dll
0x00007ff9c5690000 - 0x00007ff9c56be000 	C:\WINDOWS\SYSTEM32\USERENV.dll
0x00007ff9c5090000 - 0x00007ff9c509c000 	C:\WINDOWS\SYSTEM32\CRYPTBASE.dll
0x00007ff9bb440000 - 0x00007ff9bb457000 	C:\WINDOWS\SYSTEM32\dhcpcsvc6.DLL
0x00007ff9bb0e0000 - 0x00007ff9bb0fd000 	C:\WINDOWS\SYSTEM32\dhcpcsvc.DLL

dbghelp: loaded successfully - version: 4.0.5 - missing functions: none
symbol engine: initialized successfully - sym options: 0x614 - pdb path: .;C:\Users\40749\.jdks\openjdk-16.0.1\bin;C:\WINDOWS\SYSTEM32;C:\WINDOWS\WinSxS\amd64_microsoft.windows.common-controls_6595b64144ccf1df_6.0.19041.844_none_ca00b6081b84eb1d;C:\Users\40749\.jdks\openjdk-16.0.1\bin\server;C:\Program Files\JetBrains\IntelliJ IDEA Community Edition 2021.1\bin

VM Arguments:
jvm_args: -javaagent:C:\Program Files\JetBrains\IntelliJ IDEA Community Edition 2021.1\lib\idea_rt.jar=28814:C:\Program Files\JetBrains\IntelliJ IDEA Community Edition 2021.1\bin -Dfile.encoding=UTF-8 
java_command: com.LesanuAlex.school.SchoolApplication
java_class_path (initial): C:\Users\40749\Desktop\Cod\school\target\classes;C:\Users\40749\.m2\repository\org\springframework\boot\spring-boot-starter-data-jpa\2.5.0\spring-boot-starter-data-jpa-2.5.0.jar;C:\Users\40749\.m2\repository\org\springframework\boot\spring-boot-starter-aop\2.5.0\spring-boot-starter-aop-2.5.0.jar;C:\Users\40749\.m2\repository\org\springframework\spring-aop\5.3.7\spring-aop-5.3.7.jar;C:\Users\40749\.m2\repository\org\aspectj\aspectjweaver\1.9.6\aspectjweaver-1.9.6.jar;C:\Users\40749\.m2\repository\org\springframework\boot\spring-boot-starter-jdbc\2.5.0\spring-boot-starter-jdbc-2.5.0.jar;C:\Users\40749\.m2\repository\com\zaxxer\HikariCP\4.0.3\HikariCP-4.0.3.jar;C:\Users\40749\.m2\repository\org\springframework\spring-jdbc\5.3.7\spring-jdbc-5.3.7.jar;C:\Users\40749\.m2\repository\jakarta\transaction\jakarta.transaction-api\1.3.3\jakarta.transaction-api-1.3.3.jar;C:\Users\40749\.m2\repository\jakarta\persistence\jakarta.persistence-api\2.2.3\jakarta.persistence-api-2.2.3.jar;C:\Users\40749\.m2\repository\org\hibernate\hibernate-core\5.4.31.Final\hibernate-core-5.4.31.Final.jar;C:\Users\40749\.m2\repository\org\jboss\logging\jboss-logging\3.4.1.Final\jboss-logging-3.4.1.Final.jar;C:\Users\40749\.m2\repository\org\javassist\javassist\3.27.0-GA\javassist-3.27.0-GA.jar;C:\Users\40749\.m2\repository\net\bytebuddy\byte-buddy\1.10.22\byte-buddy-1.10.22.jar;C:\Users\40749\.m2\repository\antlr\antlr\2.7.7\antlr-2.7.7.jar;C:\Users\40749\.m2\repository\org\jboss\jandex\2.2.3.Final\jandex-2.2.3.Final.jar;C:\Users\40749\.m2\repository\com\fasterxml\classmate\1.5.1\classmate-1.5.1.jar;C:\Users\40749\.m2\repository\org\dom4j\dom4j\2.1.3\dom4j-2.1.3.jar;C:\Users\40749\.m2\repository\org\hibernate\common\hibernate-commons-annotations\5.1.2.Final\hibernate-commons-annotations-5.1.2.Final.jar;C:\Users\40749\.m2\repository\org\glassfish\jaxb\jaxb-runtime\2.3.4\jaxb-runtime-2.3.4.jar;C:\Users\40749\.m2\repository\org\glassfish\jaxb\txw2\2.3.4\txw2-2.3.4.jar;C:\Us
Launcher Type: SUN_STANDARD

[Global flags]
     intx CICompilerCount                          = 3                                         {product} {ergonomic}
     uint ConcGCThreads                            = 1                                         {product} {ergonomic}
     uint G1ConcRefinementThreads                  = 4                                         {product} {ergonomic}
   size_t G1HeapRegionSize                         = 1048576                                   {product} {ergonomic}
    uintx GCDrainStackTargetSize                   = 64                                        {product} {ergonomic}
   size_t InitialHeapSize                          = 54525952                                  {product} {ergonomic}
   size_t MarkStackSize                            = 4194304                                   {product} {ergonomic}
   size_t MaxHeapSize                              = 861929472                                 {product} {ergonomic}
   size_t MaxNewSize                               = 516947968                                 {product} {ergonomic}
   size_t MinHeapDeltaBytes                        = 1048576                                   {product} {ergonomic}
   size_t MinHeapSize                              = 8388608                                   {product} {ergonomic}
    uintx NonNMethodCodeHeapSize                   = 5832780                                {pd product} {ergonomic}
    uintx NonProfiledCodeHeapSize                  = 122912730                              {pd product} {ergonomic}
    uintx ProfiledCodeHeapSize                     = 122912730                              {pd product} {ergonomic}
    uintx ReservedCodeCacheSize                    = 251658240                              {pd product} {ergonomic}
     bool SegmentedCodeCache                       = true                                      {product} {ergonomic}
   size_t SoftMaxHeapSize                          = 861929472                              {manageable} {ergonomic}
     bool UseCompressedClassPointers               = true                           {product lp64_product} {ergonomic}
     bool UseCompressedOops                        = true                           {product lp64_product} {ergonomic}
     bool UseG1GC                                  = true                                      {product} {ergonomic}
     bool UseLargePagesIndividualAllocation        = false                                  {pd product} {ergonomic}

Logging:
Log output configuration:
 #0: stdout all=warning uptime,level,tags
 #1: stderr all=off uptime,level,tags

Environment Variables:
PATH=C:\Program Files\Common Files\Oracle\Java\javapath;C:\WINDOWS\system32;C:\WINDOWS;C:\WINDOWS\System32\Wbem;C:\WINDOWS\System32\WindowsPowerShell\v1.0\;C:\WINDOWS\System32\OpenSSH\;C:\Android;C:\Windows\System32;C:\Program Files\Git\cmd;C:\Users\40749\AppData\Local\Microsoft\WindowsApps;
USERNAME=40749
OS=Windows_NT
PROCESSOR_IDENTIFIER=AMD64 Family 23 Model 24 Stepping 1, AuthenticAMD



---------------  S Y S T E M  ---------------

OS:
 Windows 10 , 64 bit Build 19041 (10.0.19041.928)
OS uptime: 16 days 21:24 hours

CPU: total 4 (initial active 4) (4 cores per cpu, 2 threads per core) family 23 model 24 stepping 1 microcode 0x0, cx8, cmov, fxsr, ht, mmx, 3dnowpref, sse, sse2, sse3, ssse3, sse4a, sse4.1, sse4.2, popcnt, lzcnt, tsc, tscinvbit, avx, avx2, aes, clmul, bmi1, bmi2, adx, sha, fma, vzeroupper, clflush, clflushopt

Memory: 4k page, system-wide physical 3285M (182M free)
TotalPageFile size 13525M (AvailPageFile size 0M)
current process WorkingSet (physical memory assigned to process): 165M, peak: 184M
current process commit charge ("private bytes"): 195M, peak: 214M

vm_info: OpenJDK 64-Bit Server VM (16.0.1+9-24) for windows-amd64 JRE (16.0.1+9-24), built on Mar 26 2021 19:30:07 by "mach5one" with MS VC++ 16.7 (VS2019)

END.
